<?xml version="1.0" encoding="UTF-8"?>
<testng-results ignored="0" total="2" passed="2" failed="0" skipped="0">
  <reporter-output>
  </reporter-output>
  <suite started-at="2023-01-11T08:50:44 IST" name="Default suite" finished-at="2023-01-11T08:51:06 IST" duration-ms="21896">
    <groups>
    </groups>
    <test started-at="2023-01-11T08:50:44 IST" name="Default test" finished-at="2023-01-11T08:51:06 IST" duration-ms="21896">
      <class name="Amazon">
        <test-method is-config="true" signature="launch()[pri:0, instance:Amazon@3f6b0be5]" started-at="2023-01-11T08:50:44 IST" name="launch" finished-at="2023-01-11T08:50:53 IST" duration-ms="9375" status="PASS">
          <reporter-output>
          </reporter-output>
        </test-method> <!-- launch -->
        <test-method signature="logo()[pri:0, instance:Amazon@3f6b0be5]" started-at="2023-01-11T08:50:53 IST" name="logo" finished-at="2023-01-11T08:50:55 IST" duration-ms="1921" status="PASS">
          <reporter-output>
          </reporter-output>
        </test-method> <!-- logo -->
        <test-method is-config="true" signature="tearDown()[pri:0, instance:Amazon@3f6b0be5]" started-at="2023-01-11T08:50:55 IST" name="tearDown" finished-at="2023-01-11T08:50:56 IST" duration-ms="432" status="PASS">
          <reporter-output>
          </reporter-output>
        </test-method> <!-- tearDown -->
        <test-method is-config="true" signature="launch()[pri:0, instance:Amazon@3f6b0be5]" started-at="2023-01-11T08:50:56 IST" name="launch" finished-at="2023-01-11T08:51:04 IST" duration-ms="7899" status="PASS">
          <reporter-output>
          </reporter-output>
        </test-method> <!-- launch -->
        <test-method signature="verifyTitle()[pri:0, instance:Amazon@3f6b0be5]" started-at="2023-01-11T08:51:04 IST" name="verifyTitle" finished-at="2023-01-11T08:51:04 IST" duration-ms="590" status="PASS">
          <reporter-output>
          </reporter-output>
        </test-method> <!-- verifyTitle -->
        <test-method is-config="true" signature="tearDown()[pri:0, instance:Amazon@3f6b0be5]" started-at="2023-01-11T08:51:04 IST" name="tearDown" finished-at="2023-01-11T08:51:06 IST" duration-ms="1599" status="PASS">
          <reporter-output>
          </reporter-output>
        </test-method> <!-- tearDown -->
      </class> <!-- Amazon -->
    </test> <!-- Default test -->
  </suite> <!-- Default suite -->
</testng-results>
